2024-09-27 15:44:15,708 :INFO : test_formSubmission :Entering FirstName... 
2024-09-27 15:44:15,924 :INFO : test_formSubmission :Entering Email...
2024-09-27 15:44:16,213 :INFO : test_formSubmission :Clicking on Checkbox...
2024-09-27 15:44:16,328 :INFO : test_formSubmission :Selecting Gender...
2024-09-27 15:44:16,824 :INFO : test_formSubmission :Form submitted successfully...
2024-09-27 15:46:27,357 :INFO : test_formSubmission :Entering FirstName... 
2024-09-27 15:46:27,571 :INFO : test_formSubmission :Entering Email...
2024-09-27 15:46:27,867 :INFO : test_formSubmission :Clicking on Checkbox...
2024-09-27 15:46:28,104 :INFO : test_formSubmission :Selecting Gender...
2024-09-27 15:46:28,570 :INFO : test_formSubmission :Form submitted successfully...
2024-09-27 15:47:00,194 :INFO : test_formSubmission :Entering FirstName... 
2024-09-27 15:47:00,412 :INFO : test_formSubmission :Entering Email...
2024-09-27 15:47:00,645 :INFO : test_formSubmission :Clicking on Checkbox...
2024-09-27 15:47:00,776 :INFO : test_formSubmission :Selecting Gender...
2024-09-27 15:47:01,045 :INFO : test_formSubmission :Form submitted successfully...
2024-10-01 11:44:06,376 :INFO : test_e2e :All products collected
2024-10-01 11:44:06,545 :INFO : test_e2e :Itentified the particular product
2024-10-01 11:44:06,546 :INFO : test_e2e :Add product to cart
2024-10-01 11:44:06,645 :INFO : test_e2e :Click on Checkout button
2024-10-01 11:44:06,804 :INFO : test_e2e :Selected product is added to cart
2024-10-01 11:44:06,904 :INFO : test_e2e :Clicked on Checkout button from Cart page
2024-10-01 11:44:12,282 :INFO : test_e2e :Select Country
2024-10-01 11:44:12,476 :INFO : test_e2e :Click on the purchase button
2024-10-01 11:44:12,621 :INFO : test_e2e :Code executed successfully and order is placed
2024-10-01 11:44:18,326 :INFO : test_formSubmission :Entering FirstName... 
2024-10-01 11:44:18,529 :INFO : test_formSubmission :Entering Email...
2024-10-01 11:44:18,746 :INFO : test_formSubmission :Clicking on Checkbox...
2024-10-01 11:44:18,856 :INFO : test_formSubmission :Selecting Gender...
2024-10-01 11:44:19,095 :INFO : test_formSubmission :Form submitted successfully...
